Added Component: Designator=C9(CAPC1005X06N)
Add component. Clean all parameters for all variants
Add component (AddParameter): Name = "value"; Value = "100n"; VariantName = "[No Variations]"
Added Component: Designator=D1(CAC-100P200X200-4N)
Add component. Clean all parameters for all variants
Added Component: Designator=R1(RESC1005X04N)
Add component. Clean all parameters for all variants
Add component (AddParameter): Name = "value"; Value = "100R"; VariantName = "[No Variations]"
Added Component: Designator=R2(RESC1005X04N)
Add component. Clean all parameters for all variants
Add component (AddParameter): Name = "value"; Value = "10K"; VariantName = "[No Variations]"
Added Component: Designator=R3(RESC1005X04N)
Add component. Clean all parameters for all variants
Add component (AddParameter): Name = "value"; Value = "10K"; VariantName = "[No Variations]"
Added Component: Designator=U5(tsop75xxx)
Add component. Clean all parameters for all variants
Added Pin To Net: NetName=GND Pin=C9-1
Added Pin To Net: NetName=VDD_2V8 Pin=D1-A1
Added Pin To Net: NetName=VDD_2V8 Pin=D1-A2
Added Pin To Net: NetName=VDD_2V8 Pin=R1-2
Added Pin To Net: NetName=GND Pin=U5-GND
Added Pin To Net: NetName=GND Pin=U5-GND
Added Pin To Net: NetName=NetC9_2 Pin=C9-2
Added Pin To Net: NetName=NetC9_2 Pin=R1-1
Added Pin To Net: NetName=NetC9_2 Pin=U5-VS
Added Net: Name=NetC9_2
Added Pin To Net: NetName=NetD1_C1 Pin=D1-C1
Added Pin To Net: NetName=NetD1_C1 Pin=R2-2
Added Net: Name=NetD1_C1
Added Pin To Net: NetName=NetD1_C2 Pin=D1-C2
Added Pin To Net: NetName=NetD1_C2 Pin=R3-2
Added Net: Name=NetD1_C2
Added Pin To Net: NetName=NetR2_1 Pin=R2-1
Added Pin To Net: NetName=NetR2_1 Pin=U1-11
Added Net: Name=NetR2_1
Added Pin To Net: NetName=NetR3_1 Pin=R3-1
Added Pin To Net: NetName=NetR3_1 Pin=U1-18
Added Net: Name=NetR3_1
Added Pin To Net: NetName=NetU1_19 Pin=U1-19
Added Pin To Net: NetName=NetU1_19 Pin=U5-OUT
Added Net: Name=NetU1_19
Added Member To Class: ClassName=sensormodule Member=Component C9 cap
Added Member To Class: ClassName=sensormodule Member=Component D1 VSMD66694
Added Member To Class: ClassName=sensormodule Member=Component R1 res
Added Member To Class: ClassName=sensormodule Member=Component R2 res
Added Member To Class: ClassName=sensormodule Member=Component R3 res
Added Member To Class: ClassName=sensormodule Member=Component U5 TSOP75230
