Change Component Parameter Comment in C? Old= New=
Change Component Parameter Comment in C? Old= New=
Change Component Parameter Comment in C? Old= New=
Change Component Parameter Comment in C? Old= New=
Change Component Parameter Comment in C? Old= New=
Change Component Parameter Comment in C? Old= New=
Change Component Parameter Comment in R? Old= New=
Change Component Parameter Comment in R? Old= New=
Change Component Parameter Comment in R? Old= New=
Change Component Parameter Comment in R? Old= New=
Added Parameter value=10K to Part R?
Added Parameter value=10K to Part R?
Added Parameter value=10K to Part R?
Added Parameter value=10K to Part R?
Added Parameter value=100n to Part C?
Added Parameter value=100n to Part C?
Added Parameter value=100n to Part C?
Added Parameter value=100n to Part C?
Added Parameter value=100n to Part C?
Added Parameter value=100n to Part C?
Replace Symbol from C? cap in C:\Users\gustav\Documents\GitHub\ed_goes_robotsm\sensor_moduler\sensormodule_pcb\sensormodule.SchDoc with cap from lib_passives.IntLib
Replace Symbol from C? cap in C:\Users\gustav\Documents\GitHub\ed_goes_robotsm\sensor_moduler\sensormodule_pcb\sensormodule.SchDoc with cap from lib_passives.IntLib
Replace Symbol from C? cap in C:\Users\gustav\Documents\GitHub\ed_goes_robotsm\sensor_moduler\sensormodule_pcb\sensormodule.SchDoc with cap from lib_passives.IntLib
Replace Symbol from C? cap in C:\Users\gustav\Documents\GitHub\ed_goes_robotsm\sensor_moduler\sensormodule_pcb\sensormodule.SchDoc with cap from lib_passives.IntLib
Replace Symbol from C? cap in C:\Users\gustav\Documents\GitHub\ed_goes_robotsm\sensor_moduler\sensormodule_pcb\sensormodule.SchDoc with cap from lib_passives.IntLib
Replace Symbol from C? cap in C:\Users\gustav\Documents\GitHub\ed_goes_robotsm\sensor_moduler\sensormodule_pcb\sensormodule.SchDoc with cap from lib_passives.IntLib
Replace Symbol from R? res in C:\Users\gustav\Documents\GitHub\ed_goes_robotsm\sensor_moduler\sensormodule_pcb\sensormodule.SchDoc with res from lib_passives.IntLib
Replace Symbol from R? res in C:\Users\gustav\Documents\GitHub\ed_goes_robotsm\sensor_moduler\sensormodule_pcb\sensormodule.SchDoc with res from lib_passives.IntLib
Replace Symbol from R? res in C:\Users\gustav\Documents\GitHub\ed_goes_robotsm\sensor_moduler\sensormodule_pcb\sensormodule.SchDoc with res from lib_passives.IntLib
Replace Symbol from R? res in C:\Users\gustav\Documents\GitHub\ed_goes_robotsm\sensor_moduler\sensormodule_pcb\sensormodule.SchDoc with res from lib_passives.IntLib
Replace Symbol from S? rotaryswitch_hex in C:\Users\gustav\Documents\GitHub\ed_goes_robotsm\sensor_moduler\sensormodule_pcb\sensormodule.SchDoc with rotaryswitch_hex from lib_passives.IntLib
