Added Component: Designator=C1(CAPC1005X06N)
Add component. Clean all parameters for all variants
Add component (AddParameter): Name = "value"; Value = "100n"; VariantName = "[No Variations]"
Added Component: Designator=C2(CAPC2012X11N)
Add component. Clean all parameters for all variants
Add component (AddParameter): Name = "value"; Value = "4u7"; VariantName = "[No Variations]"
Added Component: Designator=C3(CAPC1005X06N)
Add component. Clean all parameters for all variants
Add component (AddParameter): Name = "value"; Value = "100n"; VariantName = "[No Variations]"
Added Component: Designator=C4(CAPC2012X11N)
Add component. Clean all parameters for all variants
Add component (AddParameter): Name = "value"; Value = "4u7"; VariantName = "[No Variations]"
Added Component: Designator=C5(CAPC1005X06N)
Add component. Clean all parameters for all variants
Add component (AddParameter): Name = "value"; Value = "100n"; VariantName = "[No Variations]"
Added Component: Designator=C6(CAPC1005X06N)
Add component. Clean all parameters for all variants
Add component (AddParameter): Name = "value"; Value = "100n"; VariantName = "[No Variations]"
Added Component: Designator=C7(CAPC2012X11N)
Add component. Clean all parameters for all variants
Add component (AddParameter): Name = "value"; Value = "4u7"; VariantName = "[No Variations]"
Added Component: Designator=C8(CAPC1005X06N)
Add component. Clean all parameters for all variants
Add component (AddParameter): Name = "value"; Value = "100n"; VariantName = "[No Variations]"
Added Component: Designator=D1(DFN55P100X70-4N)
Add component. Clean all parameters for all variants
Added Component: Designator=J1(hdr_2x5_50mil)
Add component. Clean all parameters for all variants
Added Component: Designator=R1(RESC1005X04N)
Add component. Clean all parameters for all variants
Add component (AddParameter): Name = "value"; Value = "10K"; VariantName = "[No Variations]"
Added Component: Designator=R2(RESC1005X04N)
Add component. Clean all parameters for all variants
Add component (AddParameter): Name = "value"; Value = "10K"; VariantName = "[No Variations]"
Added Component: Designator=R3(RESC1005X04N)
Add component. Clean all parameters for all variants
Add component (AddParameter): Name = "value"; Value = "10K"; VariantName = "[No Variations]"
Added Component: Designator=R4(RESC1005X04N)
Add component. Clean all parameters for all variants
Add component (AddParameter): Name = "value"; Value = "47K"; VariantName = "[No Variations]"
Added Component: Designator=R5(RESC1005X04N)
Add component. Clean all parameters for all variants
Add component (AddParameter): Name = "value"; Value = "47K"; VariantName = "[No Variations]"
Added Component: Designator=R6(RESC1005X04N)
Add component. Clean all parameters for all variants
Add component (AddParameter): Name = "value"; Value = "47K"; VariantName = "[No Variations]"
Added Component: Designator=R7(RESC1005X04N)
Add component. Clean all parameters for all variants
Add component (AddParameter): Name = "value"; Value = "1K"; VariantName = "[No Variations]"
Added Component: Designator=R8(RESC1005X04N)
Add component. Clean all parameters for all variants
Add component (AddParameter): Name = "value"; Value = "1K"; VariantName = "[No Variations]"
Added Component: Designator=R9(RESC1005X04N)
Add component. Clean all parameters for all variants
Add component (AddParameter): Name = "value"; Value = "10K"; VariantName = "[No Variations]"
Added Component: Designator=S1(rotary_encoder_2x3)
Add component. Clean all parameters for all variants
Added Component: Designator=U1(QFN50P300X300X60-20N)
Add component. Clean all parameters for all variants
Added Component: Designator=U2(LGA12C80P3X5_240X440X105)
Add component. Clean all parameters for all variants
Added Component: Designator=U3(LGA12C80P3X5_240X440X105)
Add component. Clean all parameters for all variants
Added Component: Designator=U4(SOT95P245X110-5N)
Add component. Clean all parameters for all variants
Added Pin To Net: NetName=GND Pin=C1-1
Added Pin To Net: NetName=GND Pin=C2-1
Added Pin To Net: NetName=GND Pin=C3-1
Added Pin To Net: NetName=GND Pin=C4-1
Added Pin To Net: NetName=GND Pin=C5-1
Added Pin To Net: NetName=GND Pin=C6-1
Added Pin To Net: NetName=GND Pin=C7-1
Added Pin To Net: NetName=GND Pin=C8-1
Added Pin To Net: NetName=GND Pin=J1-2
Added Pin To Net: NetName=GND Pin=J1-2
Added Pin To Net: NetName=GND Pin=R1-1
Added Pin To Net: NetName=GND Pin=S1-C
Added Pin To Net: NetName=GND Pin=S1-C
Added Pin To Net: NetName=GND Pin=U1-12
Added Pin To Net: NetName=GND Pin=U1-20
Added Pin To Net: NetName=GND Pin=U2-2
Added Pin To Net: NetName=GND Pin=U2-3
Added Pin To Net: NetName=GND Pin=U2-4
Added Pin To Net: NetName=GND Pin=U2-6
Added Pin To Net: NetName=GND Pin=U2-12
Added Pin To Net: NetName=GND Pin=U3-2
Added Pin To Net: NetName=GND Pin=U3-3
Added Pin To Net: NetName=GND Pin=U3-4
Added Pin To Net: NetName=GND Pin=U3-6
Added Pin To Net: NetName=GND Pin=U3-12
Added Pin To Net: NetName=GND Pin=U4-2
Added Net: Name=GND
Added Pin To Net: NetName=MISO Pin=J1-4
Added Pin To Net: NetName=MISO Pin=U1-9
Added Net: Name=MISO
Added Pin To Net: NetName=MOSI Pin=J1-3
Added Pin To Net: NetName=MOSI Pin=U1-10
Added Net: Name=MOSI
Added Pin To Net: NetName=nCS Pin=J1-6
Added Pin To Net: NetName=nCS Pin=U1-7
Added Net: Name=nCS
Added Pin To Net: NetName=NetD1_B Pin=D1-B
Added Pin To Net: NetName=NetD1_B Pin=R2-2
Added Net: Name=NetD1_B
Added Pin To Net: NetName=NetD1_G Pin=D1-G
Added Pin To Net: NetName=NetD1_G Pin=R1-2
Added Net: Name=NetD1_G
Added Pin To Net: NetName=NetD1_R Pin=D1-R
Added Pin To Net: NetName=NetD1_R Pin=R3-2
Added Net: Name=NetD1_R
Added Pin To Net: NetName=NetR6_1 Pin=R6-1
Added Pin To Net: NetName=NetR6_1 Pin=U1-6
Added Pin To Net: NetName=NetR6_1 Pin=U2-7
Added Pin To Net: NetName=NetR6_1 Pin=U3-7
Added Net: Name=NetR6_1
Added Pin To Net: NetName=NetR7_2 Pin=R7-2
Added Pin To Net: NetName=NetR7_2 Pin=U2-5
Added Net: Name=NetR7_2
Added Pin To Net: NetName=NetR8_2 Pin=R8-2
Added Pin To Net: NetName=NetR8_2 Pin=U3-5
Added Net: Name=NetR8_2
Added Pin To Net: NetName=NetS1_1 Pin=S1-1
Added Pin To Net: NetName=NetS1_1 Pin=U1-11
Added Net: Name=NetS1_1
Added Pin To Net: NetName=NetS1_2 Pin=S1-2
Added Pin To Net: NetName=NetS1_2 Pin=U1-18
Added Net: Name=NetS1_2
Added Pin To Net: NetName=NetS1_4 Pin=S1-4
Added Pin To Net: NetName=NetS1_4 Pin=U1-19
Added Net: Name=NetS1_4
Added Pin To Net: NetName=RST Pin=J1-7
Added Pin To Net: NetName=RST Pin=R9-1
Added Pin To Net: NetName=RST Pin=U1-3
Added Net: Name=RST
Added Pin To Net: NetName=SCK Pin=J1-5
Added Pin To Net: NetName=SCK Pin=U1-8
Added Net: Name=SCK
Added Pin To Net: NetName=SCL Pin=R4-1
Added Pin To Net: NetName=SCL Pin=U1-14
Added Pin To Net: NetName=SCL Pin=U2-10
Added Pin To Net: NetName=SCL Pin=U3-10
Added Net: Name=SCL
Added Pin To Net: NetName=SDA Pin=R5-1
Added Pin To Net: NetName=SDA Pin=U1-15
Added Pin To Net: NetName=SDA Pin=U2-9
Added Pin To Net: NetName=SDA Pin=U3-9
Added Net: Name=SDA
Added Pin To Net: NetName=SINT Pin=J1-8
Added Pin To Net: NetName=SINT Pin=U1-5
Added Net: Name=SINT
Added Pin To Net: NetName=SWC/TX Pin=J1-10
Added Pin To Net: NetName=SWC/TX Pin=R3-1
Added Pin To Net: NetName=SWC/TX Pin=S1-8
Added Pin To Net: NetName=SWC/TX Pin=U1-17
Added Net: Name=SWC/TX
Added Pin To Net: NetName=SWD/RX Pin=J1-9
Added Pin To Net: NetName=SWD/RX Pin=R2-1
Added Pin To Net: NetName=SWD/RX Pin=U1-16
Added Net: Name=SWD/RX
Added Pin To Net: NetName=VDD_2V8 Pin=C1-2
Added Pin To Net: NetName=VDD_2V8 Pin=C2-2
Added Pin To Net: NetName=VDD_2V8 Pin=C3-2
Added Pin To Net: NetName=VDD_2V8 Pin=C4-2
Added Pin To Net: NetName=VDD_2V8 Pin=C6-2
Added Pin To Net: NetName=VDD_2V8 Pin=D1-A
Added Pin To Net: NetName=VDD_2V8 Pin=U2-1
Added Pin To Net: NetName=VDD_2V8 Pin=U2-11
Added Pin To Net: NetName=VDD_2V8 Pin=U3-1
Added Pin To Net: NetName=VDD_2V8 Pin=U3-11
Added Pin To Net: NetName=VDD_2V8 Pin=U4-5
Added Net: Name=VDD_2V8
Added Pin To Net: NetName=VIN Pin=C5-2
Added Pin To Net: NetName=VIN Pin=C7-2
Added Pin To Net: NetName=VIN Pin=C8-2
Added Pin To Net: NetName=VIN Pin=J1-1
Added Pin To Net: NetName=VIN Pin=R4-2
Added Pin To Net: NetName=VIN Pin=R5-2
Added Pin To Net: NetName=VIN Pin=R6-2
Added Pin To Net: NetName=VIN Pin=R9-2
Added Pin To Net: NetName=VIN Pin=U1-4
Added Pin To Net: NetName=VIN Pin=U1-13
Added Pin To Net: NetName=VIN Pin=U4-1
Added Pin To Net: NetName=VIN Pin=U4-3
Added Net: Name=VIN
Added Pin To Net: NetName=XSH1 Pin=R8-1
Added Pin To Net: NetName=XSH1 Pin=U1-2
Added Net: Name=XSH1
Added Pin To Net: NetName=XSH2 Pin=R7-1
Added Pin To Net: NetName=XSH2 Pin=U1-1
Added Net: Name=XSH2
Added Class: Name=sensormodule
Added Class: Name=pwr
Added Room: Name=sensormodule
