Removed Pin From Net: NetName=NetR6_1 Pin=U2-7
Added Component: Designator=D2(CAPCP1005X06N)
Add component. Clean all parameters for all variants
Add component (AddParameter): Name = "value"; Value = "RED"; VariantName = "[No Variations]"
Added Component: Designator=R1(RESC1005X04N)
Add component. Clean all parameters for all variants
Add component (AddParameter): Name = "value"; Value = "470R"; VariantName = "[No Variations]"
Added Component: Designator=R3(RESC1005X04N)
Add component. Clean all parameters for all variants
Add component (AddParameter): Name = "value"; Value = "4K7"; VariantName = "[No Variations]"
Added Pin To Net: NetName=VDD_2V8 Pin=D2-1
Added Pin To Net: NetName=NetR6_1 Pin=R3-1
Change Net Name : Old Net Name=NetR6_1 New Net Name=NetR3_1
Added Pin To Net: NetName=NetD2_C Pin=D2-2
Added Pin To Net: NetName=NetD2_C Pin=R1-2
Added Net: Name=NetD2_C
Added Pin To Net: NetName=NetR1_1 Pin=R1-1
Added Pin To Net: NetName=NetR1_1 Pin=R3-2
Added Pin To Net: NetName=NetR1_1 Pin=U2-7
Added Net: Name=NetR1_1
Added Member To Class: ClassName=sensormodule Member=Component D2 led
Added Member To Class: ClassName=sensormodule Member=Component R1 res
Added Member To Class: ClassName=sensormodule Member=Component R3 res
